nohup: ignoring input
Step 1: 프로그램 로딩 시작...
Step 2: 라이브러리 로드 완료
Step 3: 바이비트 데모 서버 접속 완료
Step 4: 총 잔액: 180329.37 USDT
Step 5: 시장 감시 시작 (RSI 35/65 + 매물대 필터 완전 자동 진입 모드)
2026-04-27 23:20:41,168 - [BTCUSDT] 매물대 갱신: 10개 구간
2026-04-27 23:20:41,838 - [ETHUSDT] 매물대 갱신: 10개 구간
2026-04-27 23:20:42,203 - 🎯 [ETHUSDT] Buy 자동 진입 (RSI: 34.3, 가격: 2311.57, 매물대 근접)
2026-04-27 23:20:43,657 - [XAUUSDT] 매물대 갱신: 10개 구간
2026-04-27 23:20:51,979 - 🚀 [ETHUSDT] Buy 전략 시작 (qty=0.1)
2026-04-27 23:20:54,437 - [ETHUSDT] place_nets_and_exit 오류: expect Rising, but trigger_price[20815700] <= current[23114700]??LastPrice (ErrCode: 110092) (ErrTime: 14:20:54).
Request → POST https://api-demo.bybit.com/v5/order/create: {"category": "linear", "symbol": "ETHUSDT", "side": "Sell", "orderType": "Market", "qty": "0.4", "triggerPrice": "2081.57", "triggerBy": "LastPrice", "triggerDirection": 1, "positionIdx": 2}.
nohup: ignoring input
Step 1: 프로그램 로딩 시작...
Step 2: 라이브러리 로드 완료
Step 3: 바이비트 데모 서버 접속 완료
Step 4: 총 잔액: 180338.32 USDT
Step 5: 시장 감시 시작 (RSI 35/65 + 매물대 필터 완전 자동 진입 모드)
2026-04-27 23:20:56,622 - [BTCUSDT] 매물대 갱신: 10개 구간
2026-04-27 23:20:57,300 - [ETHUSDT] 매물대 갱신: 10개 구간
2026-04-27 23:21:00,379 - 🚀 [ETHUSDT] Buy 전략 시작 (qty=0.1)
2026-04-27 23:21:02,840 - [ETHUSDT] place_nets_and_exit 오류: expect Rising, but trigger_price[20815700] <= current[23121900]??LastPrice (ErrCode: 110092) (ErrTime: 14:21:02).
Request → POST https://api-demo.bybit.com/v5/order/create: {"category": "linear", "symbol": "ETHUSDT", "side": "Sell", "orderType": "Market", "qty": "0.4", "triggerPrice": "2081.57", "triggerBy": "LastPrice", "triggerDirection": 1, "positionIdx": 2}.
2026-04-27 23:21:03,291 - [XAUUSDT] 매물대 갱신: 10개 구간
2026-04-27 23:24:27,885 - 🎯 [XAUUSDT] Buy 자동 진입 (RSI: 35.0, 가격: 4695.09, 매물대 근접)
2026-04-27 23:24:33,128 - 🚀 [XAUUSDT] Buy 전략 시작 (qty=0.1)
2026-04-27 23:24:35,750 - [XAUUSDT] place_nets_and_exit 오류: expect Rising, but trigger_price[447009000000] <= current[469491000000]??LastPrice (ErrCode: 110092) (ErrTime: 14:24:35).
Request → POST https://api-demo.bybit.com/v5/order/create: {"category": "linear", "symbol": "XAUUSDT", "side": "Sell", "orderType": "Market", "qty": "0.4", "triggerPrice": "4470.09", "triggerBy": "LastPrice", "triggerDirection": 1, "positionIdx": 2}.
2026-04-27 23:24:37,100 - 🚀 [XAUUSDT] Buy 전략 시작 (qty=0.1)
2026-04-27 23:24:39,553 - [XAUUSDT] place_nets_and_exit 오류: expect Rising, but trigger_price[447009000000] <= current[469491000000]??LastPrice (ErrCode: 110092) (ErrTime: 14:24:39).
Request → POST https://api-demo.bybit.com/v5/order/create: {"category": "linear", "symbol": "XAUUSDT", "side": "Sell", "orderType": "Market", "qty": "0.4", "triggerPrice": "4470.09", "triggerBy": "LastPrice", "triggerDirection": 1, "positionIdx": 2}.
2026-04-27 23:36:01,076 - 🎯 [BTCUSDT] Sell 자동 진입 (RSI: 65.5, 가격: 78036.3, 매물대 근접)
2026-04-27 23:36:05,215 - 🚀 [BTCUSDT] Sell 전략 시작 (qty=0.001)
2026-04-27 23:36:07,671 - [BTCUSDT] place_nets_and_exit 오류: expect Falling, but trigger_price[825315000] >= current[780772000]??LastPrice (ErrCode: 110093) (ErrTime: 14:36:07).
Request → POST https://api-demo.bybit.com/v5/order/create: {"category": "linear", "symbol": "BTCUSDT", "side": "Buy", "orderType": "Market", "qty": "0.004", "triggerPrice": "82531.5", "triggerBy": "LastPrice", "triggerDirection": 2, "positionIdx": 1}.
2026-04-27 23:36:10,209 - 🚀 [BTCUSDT] Sell 전략 시작 (qty=0.001)
2026-04-27 23:36:12,659 - [BTCUSDT] place_nets_and_exit 오류: expect Falling, but trigger_price[825315000] >= current[780817000]??LastPrice (ErrCode: 110093) (ErrTime: 14:36:12).
Request → POST https://api-demo.bybit.com/v5/order/create: {"category": "linear", "symbol": "BTCUSDT", "side": "Buy", "orderType": "Market", "qty": "0.004", "triggerPrice": "82531.5", "triggerBy": "LastPrice", "triggerDirection": 2, "positionIdx": 1}.
2026-04-27 23:48:19,030 - ⏸ [BTCUSDT] RSI 조건 충족(RSI=69.9) but 매물대 미근접(78230.5) → 진입 보류
2026-04-27 23:48:19,261 - ⏸ [BTCUSDT] RSI 조건 충족(RSI=69.9) but 매물대 미근접(78230.5) → 진입 보류
2026-04-27 23:48:24,415 - ⏸ [BTCUSDT] RSI 조건 충족(RSI=69.6) but 매물대 미근접(78220.1) → 진입 보류
2026-04-27 23:48:24,653 - ⏸ [BTCUSDT] RSI 조건 충족(RSI=69.6) but 매물대 미근접(78213.2) → 진입 보류
2026-04-27 23:48:29,814 - ⏸ [BTCUSDT] RSI 조건 충족(RSI=69.4) but 매물대 미근접(78214.3) → 진입 보류
2026-04-27 23:48:30,048 - ⏸ [BTCUSDT] RSI 조건 충족(RSI=69.4) but 매물대 미근접(78214.4) → 진입 보류
2026-04-27 23:48:35,276 - 🎯 [BTCUSDT] Sell 자동 진입 (RSI: 68.7, 가격: 78191.0, 매물대 근접)
2026-04-27 23:48:38,364 - 🚀 [BTCUSDT] Sell 전략 시작 (qty=0.001)
2026-04-27 23:48:40,819 - [BTCUSDT] place_nets_and_exit 오류: expect Falling, but trigger_price[826910000] >= current[781908000]??LastPrice (ErrCode: 110093) (ErrTime: 14:48:40).
Request → POST https://api-demo.bybit.com/v5/order/create: {"category": "linear", "symbol": "BTCUSDT", "side": "Buy", "orderType": "Market", "qty": "0.004", "triggerPrice": "82691.0", "triggerBy": "LastPrice", "triggerDirection": 2, "positionIdx": 1}.
2026-04-27 23:48:45,143 - 🚀 [BTCUSDT] Sell 전략 시작 (qty=0.001)
2026-04-27 23:48:47,593 - [BTCUSDT] place_nets_and_exit 오류: expect Falling, but trigger_price[826910000] >= current[781877000]??LastPrice (ErrCode: 110093) (ErrTime: 14:48:47).
Request → POST https://api-demo.bybit.com/v5/order/create: {"category": "linear", "symbol": "BTCUSDT", "side": "Buy", "orderType": "Market", "qty": "0.004", "triggerPrice": "82691.0", "triggerBy": "LastPrice", "triggerDirection": 2, "positionIdx": 1}.
nohup: ignoring input
Step 1: 프로그램 로딩 시작...
Step 2: 라이브러리 로드 완료
Step 3: 바이비트 데모 서버 접속 완료
Step 4: 총 잔액: 180722.76 USDT
Step 5: 시장 감시 시작 (RSI 35/65 + 매물대 필터 완전 자동 진입 모드)
2026-04-27 23:52:13,627 - [BTCUSDT] 매물대 갱신: 10개 구간
2026-04-27 23:52:14,297 - [ETHUSDT] 매물대 갱신: 10개 구간
2026-04-27 23:52:14,780 - [XAUUSDT] 매물대 갱신: 10개 구간
2026-04-27 23:52:36,190 - ⏸ [XAUUSDT] RSI 조건 충족(RSI=34.9) but 매물대 미근접(4689.58) → 진입 보류
2026-04-27 23:52:41,576 - ⏸ [XAUUSDT] RSI 조건 충족(RSI=34.8) but 매물대 미근접(4689.4) → 진입 보류
2026-04-27 23:52:46,961 - ⏸ [XAUUSDT] RSI 조건 충족(RSI=34.7) but 매물대 미근접(4689.21) → 진입 보류
2026-04-27 23:52:52,493 - ⏸ [XAUUSDT] RSI 조건 충족(RSI=34.7) but 매물대 미근접(4689.2) → 진입 보류
2026-04-27 23:52:57,889 - ⏸ [XAUUSDT] RSI 조건 충족(RSI=34.7) but 매물대 미근접(4689.2) → 진입 보류
2026-04-27 23:53:03,318 - ⏸ [XAUUSDT] RSI 조건 충족(RSI=34.4) but 매물대 미근접(4688.64) → 진입 보류
2026-04-27 23:53:08,718 - ⏸ [XAUUSDT] RSI 조건 충족(RSI=33.9) but 매물대 미근접(4687.85) → 진입 보류
2026-04-27 23:53:14,104 - ⏸ [XAUUSDT] RSI 조건 충족(RSI=34.3) but 매물대 미근접(4688.43) → 진입 보류
2026-04-27 23:53:19,490 - ⏸ [XAUUSDT] RSI 조건 충족(RSI=34.1) but 매물대 미근접(4688.14) → 진입 보류
2026-04-27 23:53:24,876 - ⏸ [XAUUSDT] RSI 조건 충족(RSI=33.7) but 매물대 미근접(4687.49) → 진입 보류
2026-04-27 23:53:30,264 - ⏸ [XAUUSDT] RSI 조건 충족(RSI=33.5) but 매물대 미근접(4687.15) → 진입 보류
2026-04-27 23:53:35,650 - ⏸ [XAUUSDT] RSI 조건 충족(RSI=33.0) but 매물대 미근접(4686.16) → 진입 보류
2026-04-27 23:53:41,033 - ⏸ [XAUUSDT] RSI 조건 충족(RSI=32.7) but 매물대 미근접(4685.56) → 진입 보류
2026-04-27 23:53:46,422 - ⏸ [XAUUSDT] RSI 조건 충족(RSI=32.7) but 매물대 미근접(4685.37) → 진입 보류
2026-04-27 23:53:51,885 - 🎯 [XAUUSDT] Buy 자동 진입 (RSI: 31.9, 가격: 4683.8, 매물대 근접)
2026-04-27 23:54:01,119 - 🚀 [XAUUSDT] Buy 전략 시작 (qty=0.1)
2026-04-27 23:54:03,582 - [XAUUSDT] place_nets_and_exit 오류: expect Rising, but trigger_price[445880000000] <= current[468380000000]??LastPrice (ErrCode: 110092) (ErrTime: 14:54:03).
Request → POST https://api-demo.bybit.com/v5/order/create: {"category": "linear", "symbol": "XAUUSDT", "side": "Sell", "orderType": "Market", "qty": "0.4", "triggerPrice": "4458.8", "triggerBy": "LastPrice", "triggerDirection": 1, "positionIdx": 2}.
nohup: ignoring input
Step 1: 프로그램 로딩 시작...
Step 2: 라이브러리 로드 완료
Step 3: 바이비트 데모 서버 접속 완료
Step 4: 총 잔액: 180293.0 USDT
Step 5: 시장 감시 시작 (RSI 35/65 + 매물대 필터 완전 자동 진입 모드)
2026-04-28 00:10:51,231 - [BTCUSDT] 매물대 갱신: 10개 구간
2026-04-28 00:10:51,896 - [ETHUSDT] 매물대 갱신: 10개 구간
2026-04-28 00:10:52,447 - [XAUUSDT] 매물대 갱신: 10개 구간
2026-04-28 00:10:52,676 - 🎯 [XAUUSDT] Buy 자동 진입 (RSI: 30.1, 가격: 4678.55, 매물대 근접)
2026-04-28 00:11:01,980 - 🚀 [XAUUSDT] Buy 전략 시작 (qty=0.1)
2026-04-28 00:12:03,185 - ⏸ [ETHUSDT] RSI 도달(32.8) 했으나 매물대 대기중
2026-04-28 00:13:01,899 - ⏸ [ETHUSDT] RSI 도달(31.5) 했으나 매물대 대기중
2026-04-28 00:14:00,295 - ⏸ [ETHUSDT] RSI 도달(31.0) 했으나 매물대 대기중
2026-04-28 00:15:04,024 - ⏸ [ETHUSDT] RSI 도달(29.4) 했으나 매물대 대기중
2026-04-28 00:16:02,886 - ⏸ [BTCUSDT] RSI 도달(34.9) 했으나 매물대 대기중
2026-04-28 00:16:03,053 - ⏸ [ETHUSDT] RSI 도달(28.3) 했으나 매물대 대기중
2026-04-28 00:17:01,499 - ⏸ [ETHUSDT] RSI 도달(29.0) 했으나 매물대 대기중
2026-04-28 00:18:00,289 - ⏸ [BTCUSDT] RSI 도달(33.5) 했으나 매물대 대기중
2026-04-28 00:18:00,445 - ⏸ [ETHUSDT] RSI 도달(27.4) 했으나 매물대 대기중
2026-04-28 00:19:04,939 - ⏸ [BTCUSDT] RSI 도달(29.0) 했으나 매물대 대기중
2026-04-28 00:20:04,199 - ⏸ [BTCUSDT] RSI 도달(29.3) 했으나 매물대 대기중
2026-04-28 00:20:04,353 - ⏸ [ETHUSDT] RSI 도달(25.1) 했으나 매물대 대기중
2026-04-28 00:21:03,842 - ⏸ [BTCUSDT] RSI 도달(30.0) 했으나 매물대 대기중
2026-04-28 00:21:03,998 - ⏸ [ETHUSDT] RSI 도달(25.5) 했으나 매물대 대기중
2026-04-28 00:22:03,209 - ⏸ [BTCUSDT] RSI 도달(26.5) 했으나 매물대 대기중
2026-04-28 00:22:03,362 - ⏸ [ETHUSDT] RSI 도달(22.0) 했으나 매물대 대기중
2026-04-28 00:23:02,581 - ⏸ [BTCUSDT] RSI 도달(25.2) 했으나 매물대 대기중
2026-04-28 00:23:02,785 - ⏸ [ETHUSDT] RSI 도달(20.8) 했으나 매물대 대기중
2026-04-28 00:24:01,982 - ⏸ [BTCUSDT] RSI 도달(25.3) 했으나 매물대 대기중
2026-04-28 00:24:02,163 - ⏸ [ETHUSDT] RSI 도달(21.2) 했으나 매물대 대기중
2026-04-28 00:25:01,369 - ⏸ [BTCUSDT] RSI 도달(25.0) 했으나 매물대 대기중
2026-04-28 00:25:01,528 - ⏸ [ETHUSDT] RSI 도달(21.0) 했으나 매물대 대기중
2026-04-28 00:26:00,749 - ⏸ [BTCUSDT] RSI 도달(25.0) 했으나 매물대 대기중
2026-04-28 00:26:00,901 - ⏸ [ETHUSDT] RSI 도달(21.0) 했으나 매물대 대기중
2026-04-28 00:27:00,156 - ⏸ [BTCUSDT] RSI 도달(26.2) 했으나 매물대 대기중
2026-04-28 00:27:00,311 - ⏸ [ETHUSDT] RSI 도달(21.8) 했으나 매물대 대기중
2026-04-28 00:28:04,901 - ⏸ [BTCUSDT] RSI 도달(25.8) 했으나 매물대 대기중
2026-04-28 00:29:04,126 - ⏸ [BTCUSDT] RSI 도달(26.5) 했으나 매물대 대기중
2026-04-28 00:29:04,280 - ⏸ [ETHUSDT] RSI 도달(22.0) 했으나 매물대 대기중
2026-04-28 00:30:03,503 - ⏸ [BTCUSDT] RSI 도달(27.6) 했으나 매물대 대기중
2026-04-28 00:30:03,661 - ⏸ [ETHUSDT] RSI 도달(23.0) 했으나 매물대 대기중
2026-04-28 00:31:02,758 - ⏸ [BTCUSDT] RSI 도달(29.3) 했으나 매물대 대기중
2026-04-28 00:31:02,932 - ⏸ [ETHUSDT] RSI 도달(25.8) 했으나 매물대 대기중
2026-04-28 00:31:43,434 - 🚀 [BTCUSDT] Buy 전략 시작 (qty=0.015)
2026-04-28 00:32:02,048 - ⏸ [ETHUSDT] RSI 도달(29.7) 했으나 매물대 대기중
2026-04-28 00:33:04,855 - ⏸ [ETHUSDT] RSI 도달(28.4) 했으나 매물대 대기중
2026-04-28 00:34:02,400 - ⏸ [ETHUSDT] RSI 도달(26.9) 했으나 매물대 대기중
nohup: ignoring input
Step 1: 프로그램 로딩 시작...
Step 2: 라이브러리 로드 완료
Step 3: 바이비트 데모 서버 접속 완료
Step 4: 총 잔액: 179439.49 USDT
Step 5: 시장 감시 시작 (RSI 35/65 전용 자동 진입 모드)
2026-04-28 00:39:43,871 - [BTCUSDT] 매물대 정보 업데이트 완료
2026-04-28 00:39:44,108 - 🎯 [BTCUSDT] Buy 자동 진입 (RSI: 34.2, 가격: 77014.9, 매물대 필터 무시 진입)
2026-04-28 00:39:45,631 - [ETHUSDT] 매물대 정보 업데이트 완료
2026-04-28 00:39:45,863 - 🎯 [ETHUSDT] Buy 자동 진입 (RSI: 28.5, 가격: 2280.64, 매물대 필터 무시 진입)
2026-04-28 00:39:47,255 - [XAUUSDT] 매물대 정보 업데이트 완료
2026-04-28 00:39:55,493 - 🚀 [BTCUSDT] Buy 전략 시작 (qty=0.001)
2026-04-28 00:40:01,338 - 🚀 [ETHUSDT] Buy 전략 시작 (qty=0.1)
2026-04-28 00:43:36,102 - 🎯 [XAUUSDT] Buy 자동 진입 (RSI: 34.9, 가격: 4681.6, 매물대 필터 무시 진입)
2026-04-28 00:43:45,156 - 🚀 [XAUUSDT] Buy 전략 시작 (qty=0.1)
nohup: ignoring input
Step 1: 프로그램 로딩 시작...
Step 2: 라이브러리 로드 완료
Step 3: 바이비트 데모 서버 접속 완료
Step 4: 총 잔액: 179271.98 USDT
Step 5: 시장 감시 시작 (RSI 35/65 전 전용 자동 진입 모드)
2026-04-28 00:51:21,777 - [BTCUSDT] 매물대 정보 업데이트 완료
2026-04-28 00:51:22,012 - 🎯 [BTCUSDT] Buy 자동 진입 (RSI: 30.5, 가격: 76779.0, 설정 수량: 0.01)
2026-04-28 00:51:23,599 - [ETHUSDT] 매물대 정보 업데이트 완료
2026-04-28 00:51:23,833 - 🎯 [ETHUSDT] Buy 자동 진입 (RSI: 26.2, 가격: 2273.32, 설정 수량: 0.2)
2026-04-28 00:51:25,211 - [XAUUSDT] 매물대 정보 업데이트 완료
2026-04-28 00:51:25,447 - 🎯 [XAUUSDT] Buy 자동 진입 (RSI: 32.8, 가격: 4678.19, 설정 수량: 0.2)
2026-04-28 00:51:34,515 - 🚀 [BTCUSDT] Buy 전략 시작 (qty=0.01)
2026-04-28 00:51:40,351 - 🚀 [ETHUSDT] Buy 전략 시작 (qty=0.2)
2026-04-28 00:51:46,199 - 🚀 [XAUUSDT] Buy 전략 시작 (qty=0.2)
2026-04-28 01:21:26,958 - [BTCUSDT] 매물대 정보 업데이트 완료
2026-04-28 01:21:27,544 - [ETHUSDT] 매물대 정보 업데이트 완료
2026-04-28 01:21:28,012 - [XAUUSDT] 매물대 정보 업데이트 완료
2026-04-28 01:51:31,432 - [BTCUSDT] 매물대 정보 업데이트 완료
2026-04-28 01:51:32,032 - [ETHUSDT] 매물대 정보 업데이트 완료
2026-04-28 01:51:32,436 - [XAUUSDT] 매물대 정보 업데이트 완료
2026-04-28 02:21:36,650 - [BTCUSDT] 매물대 정보 업데이트 완료
2026-04-28 02:21:37,406 - [ETHUSDT] 매물대 정보 업데이트 완료
2026-04-28 02:21:37,848 - [XAUUSDT] 매물대 정보 업데이트 완료
2026-04-28 02:51:41,282 - [BTCUSDT] 매물대 정보 업데이트 완료
2026-04-28 02:51:41,940 - [ETHUSDT] 매물대 정보 업데이트 완료
2026-04-28 02:51:42,350 - [XAUUSDT] 매물대 정보 업데이트 완료
2026-04-28 03:21:45,886 - [BTCUSDT] 매물대 정보 업데이트 완료
2026-04-28 03:21:46,495 - [ETHUSDT] 매물대 정보 업데이트 완료
2026-04-28 03:21:46,896 - [XAUUSDT] 매물대 정보 업데이트 완료
2026-04-28 03:51:50,676 - [BTCUSDT] 매물대 정보 업데이트 완료
2026-04-28 03:51:51,266 - [ETHUSDT] 매물대 정보 업데이트 완료
2026-04-28 03:51:51,951 - [XAUUSDT] 매물대 정보 업데이트 완료
2026-04-28 04:21:55,261 - [BTCUSDT] 매물대 정보 업데이트 완료
2026-04-28 04:21:55,851 - [ETHUSDT] 매물대 정보 업데이트 완료
2026-04-28 04:21:56,267 - [XAUUSDT] 매물대 정보 업데이트 완료
2026-04-28 04:51:59,856 - [BTCUSDT] 매물대 정보 업데이트 완료
2026-04-28 04:52:00,542 - [ETHUSDT] 매물대 정보 업데이트 완료
2026-04-28 04:52:01,014 - [XAUUSDT] 매물대 정보 업데이트 완료
2026-04-28 05:22:04,284 - [BTCUSDT] 매물대 정보 업데이트 완료
2026-04-28 05:22:04,891 - [ETHUSDT] 매물대 정보 업데이트 완료
2026-04-28 05:22:05,398 - [XAUUSDT] 매물대 정보 업데이트 완료
2026-04-28 05:52:08,718 - [BTCUSDT] 매물대 정보 업데이트 완료
2026-04-28 05:52:09,392 - [ETHUSDT] 매물대 정보 업데이트 완료
2026-04-28 05:52:09,812 - [XAUUSDT] 매물대 정보 업데이트 완료
2026-04-28 06:22:13,112 - [BTCUSDT] 매물대 정보 업데이트 완료
2026-04-28 06:22:13,710 - [ETHUSDT] 매물대 정보 업데이트 완료
2026-04-28 06:22:14,116 - [XAUUSDT] 매물대 정보 업데이트 완료
2026-04-28 06:52:17,500 - [BTCUSDT] 매물대 정보 업데이트 완료
2026-04-28 06:52:18,167 - [ETHUSDT] 매물대 정보 업데이트 완료
2026-04-28 06:52:18,568 - [XAUUSDT] 매물대 정보 업데이트 완료
2026-04-28 07:22:22,923 - [BTCUSDT] 매물대 정보 업데이트 완료
2026-04-28 07:22:23,535 - [ETHUSDT] 매물대 정보 업데이트 완료
2026-04-28 07:22:24,005 - [XAUUSDT] 매물대 정보 업데이트 완료
2026-04-28 07:52:27,650 - [BTCUSDT] 매물대 정보 업데이트 완료
2026-04-28 07:52:28,257 - [ETHUSDT] 매물대 정보 업데이트 완료
2026-04-28 07:52:28,657 - [XAUUSDT] 매물대 정보 업데이트 완료
2026-04-28 08:22:32,648 - [BTCUSDT] 매물대 정보 업데이트 완료
2026-04-28 08:22:33,327 - [ETHUSDT] 매물대 정보 업데이트 완료
2026-04-28 08:22:33,729 - [XAUUSDT] 매물대 정보 업데이트 완료
2026-04-28 08:52:37,044 - [BTCUSDT] 매물대 정보 업데이트 완료
2026-04-28 08:52:37,777 - [ETHUSDT] 매물대 정보 업데이트 완료
2026-04-28 08:52:38,186 - [XAUUSDT] 매물대 정보 업데이트 완료
2026-04-28 09:22:41,740 - [BTCUSDT] 매물대 정보 업데이트 완료
2026-04-28 09:22:42,687 - [ETHUSDT] 매물대 정보 업데이트 완료
2026-04-28 09:22:43,258 - [XAUUSDT] 매물대 정보 업데이트 완료
2026-04-28 09:46:35,788 - 💰 [ETHUSDT] 익절 완료 (잔액: 179940.52 USDT)
2026-04-28 09:47:38,023 - 🎯 [ETHUSDT] Sell 자동 진입 (RSI: 66.4, 가격: 2309.18, 설정 수량: 0.2)
2026-04-28 09:47:47,084 - 🚀 [ETHUSDT] Sell 전략 시작 (qty=0.2)
2026-04-28 09:52:44,935 - [BTCUSDT] 매물대 정보 업데이트 완료
2026-04-28 09:52:45,541 - [ETHUSDT] 매물대 정보 업데이트 완료
2026-04-28 09:52:45,950 - [XAUUSDT] 매물대 정보 업데이트 완료
2026-04-28 10:22:49,311 - [BTCUSDT] 매물대 정보 업데이트 완료
2026-04-28 10:22:49,987 - [ETHUSDT] 매물대 정보 업데이트 완료
2026-04-28 10:22:50,389 - [XAUUSDT] 매물대 정보 업데이트 완료
2026-04-28 10:52:53,828 - [BTCUSDT] 매물대 정보 업데이트 완료
2026-04-28 10:52:54,427 - [ETHUSDT] 매물대 정보 업데이트 완료
2026-04-28 10:52:54,838 - [XAUUSDT] 매물대 정보 업데이트 완료
2026-04-28 11:22:58,549 - [BTCUSDT] 매물대 정보 업데이트 완료
2026-04-28 11:22:59,148 - [ETHUSDT] 매물대 정보 업데이트 완료
2026-04-28 11:22:59,630 - [XAUUSDT] 매물대 정보 업데이트 완료
2026-04-28 11:39:16,743 - 🎯 [ETHUSDT] Buy 자동 진입 (RSI: 34.7, 가격: 2281.74, 설정 수량: 0.2)
2026-04-28 11:39:28,079 - 🚀 [ETHUSDT] Buy 전략 시작 (qty=0.2)
2026-04-28 11:53:04,155 - [BTCUSDT] 매물대 정보 업데이트 완료
2026-04-28 11:53:05,128 - [ETHUSDT] 매물대 정보 업데이트 완료
2026-04-28 11:53:05,778 - [XAUUSDT] 매물대 정보 업데이트 완료
2026-04-28 12:23:04,962 - [BTCUSDT] 매물대 정보 업데이트 완료
2026-04-28 12:23:10,778 - [ETHUSDT] 매물대 정보 업데이트 완료
2026-04-28 12:23:11,261 - [XAUUSDT] 매물대 정보 업데이트 완료
2026-04-28 12:53:07,254 - [BTCUSDT] 매물대 정보 업데이트 완료
2026-04-28 12:53:12,944 - [ETHUSDT] 매물대 정보 업데이트 완료
2026-04-28 12:53:13,346 - [XAUUSDT] 매물대 정보 업데이트 완료
2026-04-28 13:23:11,971 - [BTCUSDT] 매물대 정보 업데이트 완료
2026-04-28 13:23:17,655 - [ETHUSDT] 매물대 정보 업데이트 완료
2026-04-28 13:23:18,059 - [XAUUSDT] 매물대 정보 업데이트 완료
2026-04-28 13:53:16,277 - [BTCUSDT] 매물대 정보 업데이트 완료
2026-04-28 13:53:22,225 - [ETHUSDT] 매물대 정보 업데이트 완료
2026-04-28 13:53:22,924 - [XAUUSDT] 매물대 정보 업데이트 완료
2026-04-28 14:23:21,463 - [BTCUSDT] 매물대 정보 업데이트 완료
2026-04-28 14:23:27,142 - [ETHUSDT] 매물대 정보 업데이트 완료
2026-04-28 14:23:27,546 - [XAUUSDT] 매물대 정보 업데이트 완료
2026-04-28 14:53:28,285 - [BTCUSDT] 매물대 정보 업데이트 완료
2026-04-28 14:53:29,031 - [ETHUSDT] 매물대 정보 업데이트 완료
2026-04-28 14:53:29,570 - [XAUUSDT] 매물대 정보 업데이트 완료
2026-04-28 15:23:39,027 - [BTCUSDT] 매물대 정보 업데이트 완료
2026-04-28 15:23:39,627 - [ETHUSDT] 매물대 정보 업데이트 완료
2026-04-28 15:23:40,044 - [XAUUSDT] 매물대 정보 업데이트 완료
2026-04-28 15:53:39,708 - [BTCUSDT] 매물대 정보 업데이트 완료
2026-04-28 15:53:40,441 - [ETHUSDT] 매물대 정보 업데이트 완료
2026-04-28 15:53:40,928 - [XAUUSDT] 매물대 정보 업데이트 완료
2026-04-28 16:23:40,228 - [BTCUSDT] 매물대 정보 업데이트 완료
2026-04-28 16:23:45,904 - [ETHUSDT] 매물대 정보 업데이트 완료
2026-04-28 16:23:46,308 - [XAUUSDT] 매물대 정보 업데이트 완료
2026-04-28 16:53:44,726 - [BTCUSDT] 매물대 정보 업데이트 완료
2026-04-28 16:53:50,423 - [ETHUSDT] 매물대 정보 업데이트 완료
2026-04-28 16:53:50,828 - [XAUUSDT] 매물대 정보 업데이트 완료
2026-04-28 17:23:49,379 - [BTCUSDT] 매물대 정보 업데이트 완료
2026-04-28 17:23:55,140 - [ETHUSDT] 매물대 정보 업데이트 완료
2026-04-28 17:23:55,555 - [XAUUSDT] 매물대 정보 업데이트 완료
2026-04-28 17:53:54,068 - [BTCUSDT] 매물대 정보 업데이트 완료
2026-04-28 17:53:59,900 - [ETHUSDT] 매물대 정보 업데이트 완료
2026-04-28 17:54:00,381 - [XAUUSDT] 매물대 정보 업데이트 완료
2026-04-28 18:23:58,991 - [BTCUSDT] 매물대 정보 업데이트 완료
2026-04-28 18:24:04,834 - [ETHUSDT] 매물대 정보 업데이트 완료
2026-04-28 18:24:05,294 - [XAUUSDT] 매물대 정보 업데이트 완료
2026-04-28 18:53:59,675 - [BTCUSDT] 매물대 정보 업데이트 완료
2026-04-28 18:54:10,448 - [ETHUSDT] 매물대 정보 업데이트 완료
2026-04-28 18:54:10,864 - [XAUUSDT] 매물대 정보 업데이트 완료
2026-04-28 19:24:04,428 - [BTCUSDT] 매물대 정보 업데이트 완료
2026-04-28 19:24:15,270 - [ETHUSDT] 매물대 정보 업데이트 완료
2026-04-28 19:24:15,690 - [XAUUSDT] 매물대 정보 업데이트 완료
2026-04-28 19:54:09,213 - [BTCUSDT] 매물대 정보 업데이트 완료
2026-04-28 19:54:19,976 - [ETHUSDT] 매물대 정보 업데이트 완료
2026-04-28 19:54:20,448 - [XAUUSDT] 매물대 정보 업데이트 완료
2026-04-28 20:24:13,947 - [BTCUSDT] 매물대 정보 업데이트 완료
2026-04-28 20:24:24,718 - [ETHUSDT] 매물대 정보 업데이트 완료
2026-04-28 20:24:25,138 - [XAUUSDT] 매물대 정보 업데이트 완료
2026-04-28 20:54:18,816 - [BTCUSDT] 매물대 정보 업데이트 완료
2026-04-28 20:54:29,597 - [ETHUSDT] 매물대 정보 업데이트 완료
2026-04-28 20:54:30,012 - [XAUUSDT] 매물대 정보 업데이트 완료
2026-04-28 21:24:23,706 - [BTCUSDT] 매물대 정보 업데이트 완료
2026-04-28 21:24:34,470 - [ETHUSDT] 매물대 정보 업데이트 완료
2026-04-28 21:24:34,892 - [XAUUSDT] 매물대 정보 업데이트 완료
2026-04-28 21:54:28,428 - [BTCUSDT] 매물대 정보 업데이트 완료
2026-04-28 21:54:39,514 - [ETHUSDT] 매물대 정보 업데이트 완료
2026-04-28 21:54:40,123 - [XAUUSDT] 매물대 정보 업데이트 완료
2026-04-28 22:24:33,579 - [BTCUSDT] 매물대 정보 업데이트 완료
2026-04-28 22:24:44,418 - [ETHUSDT] 매물대 정보 업데이트 완료
2026-04-28 22:24:44,824 - [XAUUSDT] 매물대 정보 업데이트 완료
2026-04-28 22:54:38,214 - [BTCUSDT] 매물대 정보 업데이트 완료
2026-04-28 22:54:49,147 - [ETHUSDT] 매물대 정보 업데이트 완료
2026-04-28 22:54:49,636 - [XAUUSDT] 매물대 정보 업데이트 완료
2026-04-28 23:24:43,763 - [BTCUSDT] 매물대 정보 업데이트 완료
2026-04-28 23:24:54,543 - [ETHUSDT] 매물대 정보 업데이트 완료
2026-04-28 23:24:55,037 - [XAUUSDT] 매물대 정보 업데이트 완료
2026-04-28 23:54:49,234 - [BTCUSDT] 매물대 정보 업데이트 완료
2026-04-28 23:55:00,018 - [ETHUSDT] 매물대 정보 업데이트 완료
2026-04-28 23:55:00,474 - [XAUUSDT] 매물대 정보 업데이트 완료
2026-04-29 00:24:54,139 - [BTCUSDT] 매물대 정보 업데이트 완료
2026-04-29 00:25:05,106 - [ETHUSDT] 매물대 정보 업데이트 완료
2026-04-29 00:25:05,576 - [XAUUSDT] 매물대 정보 업데이트 완료
2026-04-29 00:54:59,423 - [BTCUSDT] 매물대 정보 업데이트 완료
2026-04-29 00:55:10,208 - [ETHUSDT] 매물대 정보 업데이트 완료
2026-04-29 00:55:10,623 - [XAUUSDT] 매물대 정보 업데이트 완료
2026-04-29 01:25:04,017 - [BTCUSDT] 매물대 정보 업데이트 완료
2026-04-29 01:25:14,805 - [ETHUSDT] 매물대 정보 업데이트 완료
2026-04-29 01:25:15,216 - [XAUUSDT] 매물대 정보 업데이트 완료
2026-04-29 01:55:08,286 - [BTCUSDT] 매물대 정보 업데이트 완료
2026-04-29 01:55:19,081 - [ETHUSDT] 매물대 정보 업데이트 완료
2026-04-29 01:55:19,492 - [XAUUSDT] 매물대 정보 업데이트 완료
2026-04-29 02:25:12,545 - [BTCUSDT] 매물대 정보 업데이트 완료
2026-04-29 02:25:23,313 - [ETHUSDT] 매물대 정보 업데이트 완료
2026-04-29 02:25:23,718 - [XAUUSDT] 매물대 정보 업데이트 완료
2026-04-29 02:55:16,661 - [BTCUSDT] 매물대 정보 업데이트 완료
2026-04-29 02:55:27,427 - [ETHUSDT] 매물대 정보 업데이트 완료
2026-04-29 02:55:27,834 - [XAUUSDT] 매물대 정보 업데이트 완료
2026-04-29 03:25:21,412 - [BTCUSDT] 매물대 정보 업데이트 완료
2026-04-29 03:25:32,178 - [ETHUSDT] 매물대 정보 업데이트 완료
2026-04-29 03:25:32,583 - [XAUUSDT] 매물대 정보 업데이트 완료
2026-04-29 03:55:25,699 - [BTCUSDT] 매물대 정보 업데이트 완료
2026-04-29 03:55:36,532 - [ETHUSDT] 매물대 정보 업데이트 완료
2026-04-29 03:55:37,035 - [XAUUSDT] 매물대 정보 업데이트 완료
2026-04-29 04:25:30,096 - [BTCUSDT] 매물대 정보 업데이트 완료
2026-04-29 04:25:40,944 - [ETHUSDT] 매물대 정보 업데이트 완료
2026-04-29 04:25:41,349 - [XAUUSDT] 매물대 정보 업데이트 완료
2026-04-29 04:44:30,933 - 📉 [BTCUSDT] 본전 50% 덜어내기 지정가 배치 (qty=0.01)
2026-04-29 04:55:33,049 - [BTCUSDT] 매물대 정보 업데이트 완료
2026-04-29 04:55:43,827 - [ETHUSDT] 매물대 정보 업데이트 완료
2026-04-29 04:55:44,233 - [XAUUSDT] 매물대 정보 업데이트 완료
2026-04-29 05:25:37,456 - [BTCUSDT] 매물대 정보 업데이트 완료
2026-04-29 05:25:48,223 - [ETHUSDT] 매물대 정보 업데이트 완료
2026-04-29 05:25:48,634 - [XAUUSDT] 매물대 정보 업데이트 완료
2026-04-29 05:55:41,679 - [BTCUSDT] 매물대 정보 업데이트 완료
2026-04-29 05:55:52,445 - [ETHUSDT] 매물대 정보 업데이트 완료
2026-04-29 05:55:52,849 - [XAUUSDT] 매물대 정보 업데이트 완료
2026-04-29 06:25:46,045 - [BTCUSDT] 매물대 정보 업데이트 완료
2026-04-29 06:25:56,880 - [ETHUSDT] 매물대 정보 업데이트 완료
2026-04-29 06:25:57,295 - [XAUUSDT] 매물대 정보 업데이트 완료
2026-04-29 06:55:50,535 - [BTCUSDT] 매물대 정보 업데이트 완료
2026-04-29 06:56:01,380 - [ETHUSDT] 매물대 정보 업데이트 완료
2026-04-29 06:56:02,408 - [XAUUSDT] 매물대 정보 업데이트 완료
2026-04-29 07:25:55,628 - [BTCUSDT] 매물대 정보 업데이트 완료
2026-04-29 07:26:06,391 - [ETHUSDT] 매물대 정보 업데이트 완료
2026-04-29 07:26:06,801 - [XAUUSDT] 매물대 정보 업데이트 완료
2026-04-29 07:55:59,924 - [BTCUSDT] 매물대 정보 업데이트 완료
2026-04-29 07:56:10,854 - [ETHUSDT] 매물대 정보 업데이트 완료
2026-04-29 07:56:11,260 - [XAUUSDT] 매물대 정보 업데이트 완료
2026-04-29 08:26:04,338 - [BTCUSDT] 매물대 정보 업데이트 완료
2026-04-29 08:26:15,087 - [ETHUSDT] 매물대 정보 업데이트 완료
2026-04-29 08:26:15,509 - [XAUUSDT] 매물대 정보 업데이트 완료
2026-04-29 08:56:08,696 - [BTCUSDT] 매물대 정보 업데이트 완료
2026-04-29 08:56:19,451 - [ETHUSDT] 매물대 정보 업데이트 완료
2026-04-29 08:56:19,856 - [XAUUSDT] 매물대 정보 업데이트 완료
2026-04-29 09:26:12,942 - [BTCUSDT] 매물대 정보 업데이트 완료
2026-04-29 09:26:23,681 - [ETHUSDT] 매물대 정보 업데이트 완료
2026-04-29 09:26:24,071 - [XAUUSDT] 매물대 정보 업데이트 완료
nohup: ignoring input
Step 1: 프로그램 로딩 시작...
Step 2: 라이브러리 로드 완료
Step 3: 접속 완료
Step 4: 잔액: 178928.04 USDT
2026-04-29 12:17:05,483 - 🎯 [BTCUSDT] Sell 진입 (RSI: 65.1)
2026-04-29 12:17:13,866 - 🚀 [BTCUSDT] Sell 전략 시작 (기준가=76500.1)
2026-04-29 16:11:23,212 - 🎯 [XAUUSDT] Buy 진입 (RSI: 34.8)
2026-04-29 16:11:31,663 - 🚀 [XAUUSDT] Buy 전략 시작 (기준가=4582.01)
nohup: ignoring input
Step 1: 프로그램 로딩 시작...
Step 2: 라이브러리 로드 완료
Step 3: 접속 완료
Step 4: 잔액: 180047.39 USDT
2026-04-29 22:00:01,035 - 🎯 [XAUUSDT] Buy 진입 | 조건:B(절대RSI) RSI:28.3 EMA50:4580.55 종가:4548.19
2026-04-29 22:00:09,373 - 🚀 [XAUUSDT] Buy 전략 시작 (기준가=4549.03)
2026-04-30 00:30:05,351 - 🎯 [BTCUSDT] Buy 진입 | 조건:B(절대RSI) RSI:30.0 EMA50:76897.46 종가:76188.6
2026-04-30 00:30:13,600 - 🚀 [BTCUSDT] Buy 전략 시작 (기준가=77572.1)
2026-04-30 04:15:04,602 - 📉 [BTCUSDT] 본전 50% 덜어내기 배치
nohup: ignoring input
Step 1: 프로그램 로딩 시작...
Step 2: 라이브러리 로드 완료
Step 3: 접속 완료
Step 4: 잔액: 178536.51 USDT
2026-04-30 10:30:04,903 - 🎯 [XAUUSDT] Sell 진입 | 조건:B(절대RSI) RSI:72.8 EMA50:4559.15 종가:4583.0
2026-04-30 10:30:13,231 - 🚀 [XAUUSDT] Sell 전략 시작 (기준가=4572.39, step 강제=1)
nohup: ignoring input
Step 1: 프로그램 로딩 시작...
Step 2: 라이브러리 로드 완료
Step 3: 접속 완료
Step 4: 잔액: 178006.28 USDT
2026-04-30 15:30:32,020 - 🧹 봇 시작: 모든 종목 잔존 오더 전체 정리 중...
2026-04-30 15:30:32,828 -   [BTCUSDT] 오더 정리 완료
2026-04-30 15:30:33,632 -   [XAUUSDT] 오더 정리 완료
2026-04-30 15:30:34,632 - ✅ 오더 정리 완료 — 메인 루프 시작
2026-04-30 16:00:02,407 - 🎯 [XAUUSDT] Sell 진입 | 조건:B(절대RSI) RSI:71.7 EMA50:4564.06 종가:4592.87
2026-04-30 16:00:10,786 - 🚀 [XAUUSDT] Sell 전략 시작 | 기준가=4592.87 기준수량=0.2
2026-05-01 12:30:02,826 - 🎯 [BTCUSDT] Sell 진입 | 조건:B(절대RSI) RSI:77.6 EMA50:76406.73 종가:77148.7
2026-05-01 12:30:11,128 - 🚀 [BTCUSDT] Sell 전략 시작 | 기준가=76155.8 기준수량=0.01
2026-05-01 18:03:35,640 - 📉 [BTCUSDT] 본전 50% 덜어내기 배치
2026-05-01 19:27:42,714 - 📉 [BTCUSDT] 본전 50% 덜어내기 배치
2026-05-01 20:26:34,566 - 📉 [BTCUSDT] 본전 50% 덜어내기 배치
2026-05-01 20:34:28,734 - 📉 [BTCUSDT] 본전 50% 덜어내기 배치
2026-05-01 20:41:46,382 - 📉 [BTCUSDT] 본전 50% 덜어내기 배치
2026-05-01 20:46:26,341 - 📉 [BTCUSDT] 본전 50% 덜어내기 배치
2026-05-01 20:47:47,958 - 📉 [BTCUSDT] 본전 50% 덜어내기 배치
2026-05-01 20:54:55,305 - 📉 [BTCUSDT] 본전 50% 덜어내기 배치
2026-05-02 00:07:16,580 - 📉 [XAUUSDT] 본전 50% 덜어내기 배치
2026-05-02 05:41:12,092 - 📉 [BTCUSDT] 본전 50% 덜어내기 배치
nohup: ignoring input
Traceback (most recent call last):
  File "/home/ubuntu/bybit7.py", line 25, in <module>
    logging.info("Step 1: 프로그램 로딩 시작...")
    ^^^^^^^
NameError: name 'logging' is not defined. Did you forget to import 'logging'?
nohup: ignoring input
2026-05-02 09:38:37,986 - Step 1: 프로그램 로딩 시작...
2026-05-02 09:38:37,986 - Step 1: 프로그램 로딩 시작...
Traceback (most recent call last):
  File "/home/ubuntu/bybit7.py", line 63, in <module>
    api_key=API_KEY,
            ^^^^^^^
NameError: name 'API_KEY' is not defined
nohup: ignoring input
2026-05-02 09:43:06,334 - Step 1: 프로그램 로딩 시작...
2026-05-02 09:43:06,334 - Step 1: 프로그램 로딩 시작...
2026-05-02 09:43:06,334 - 🔒 PID 파일 생성: bybit7_user2.pid (PID: 396720)
2026-05-02 09:43:06,335 - Step 3: 바이비트 데모 접속 완료
2026-05-02 09:43:06,494 - Step 4: 잔액: 180639.16 USDT
2026-05-02 09:43:06,494 - 🧹 봇 시작: 모든 종목 잔존 오더 전체 정리 중...
2026-05-02 09:43:07,301 -   [BTCUSDT] 오더 정리 완료
2026-05-02 09:43:08,104 -   [XAUUSDT] 오더 정리 완료
2026-05-02 09:43:09,104 - ✅ 오더 정리 완료 — 메인 루프 시작
2026-05-02 09:49:39,641 - Step 1: 프로그램 로딩 시작...
2026-05-02 09:50:23,914 - Step 1: 프로그램 로딩 시작...
2026-05-02 09:52:06,132 - Step 1: 프로그램 로딩 시작...
nohup: ignoring input
2026-05-02 09:54:46,354 - Step 1: 프로그램 로딩 시작...
2026-05-02 09:54:46,354 - Step 1: 프로그램 로딩 시작...
2026-05-02 09:54:46,356 - 🔒 PID 파일 생성: bybit7.pid (PID: 397526)
2026-05-02 09:54:46,356 - Step 3: 바이비트 데모 접속 완료
2026-05-02 09:54:46,483 - Step 4: 잔액: 180639.16 USDT
2026-05-02 09:54:46,483 - 🧹 봇 시작: 모든 종목 잔존 오더 전체 정리 중...
2026-05-02 09:54:47,290 -   [BTCUSDT] 오더 정리 완료
2026-05-02 09:54:48,228 -   [XAUUSDT] 오더 정리 완료
2026-05-02 09:54:49,229 - ✅ 오더 정리 완료 — 메인 루프 시작
