nohup: ignoring input
Step 1: 프로그램 로딩 시작...
Step 2: 라이브러리 로드 완료
Step 3: 접속 완료
Step 4: 잔액: 177743.3 USDT
2026-04-30 16:04:00,800 - 🧹 봇 시작: 모든 종목 잔존 오더 전체 정리 중...
2026-04-30 16:04:00,800 - 🧹 봇 시작: 모든 종목 잔존 오더 전체 정리 중...
2026-04-30 16:04:01,631 -   [BTCUSDT] 오더 정리 완료
2026-04-30 16:04:01,631 -   [BTCUSDT] 오더 정리 완료
2026-04-30 16:04:02,440 -   [XAUUSDT] 오더 정리 완료
2026-04-30 16:04:02,440 -   [XAUUSDT] 오더 정리 완료
2026-04-30 16:04:03,440 - ✅ 오더 정리 완료 — 메인 루프 시작
2026-04-30 16:04:03,440 - ✅ 오더 정리 완료 — 메인 루프 시작
2026-04-30 16:04:04,856 - 🎯 [XAUUSDT] Sell 진입 | 조건:B(절대RSI) RSI:71.7 EMA50:4564.06 종가:4592.87
2026-04-30 16:04:04,856 - 🎯 [XAUUSDT] Sell 진입 | 조건:B(절대RSI) RSI:71.7 EMA50:4564.06 종가:4592.87
2026-04-30 16:04:13,176 - 🚀 [XAUUSDT] Sell 전략 시작 | 기준가=4589.8 기준수량=0.2
2026-04-30 16:04:13,176 - 🚀 [XAUUSDT] Sell 전략 시작 | 기준가=4589.8 기준수량=0.2
2026-05-01 12:30:00,950 - 🎯 [BTCUSDT] Sell 진입 | 조건:B(절대RSI) RSI:77.6 EMA50:76406.73 종가:77148.7
2026-05-01 12:30:00,950 - 🎯 [BTCUSDT] Sell 진입 | 조건:B(절대RSI) RSI:77.6 EMA50:76406.73 종가:77148.7
2026-05-01 12:30:09,192 - 🚀 [BTCUSDT] Sell 전략 시작 | 기준가=76226.3 기준수량=0.01
2026-05-01 12:30:09,192 - 🚀 [BTCUSDT] Sell 전략 시작 | 기준가=76226.3 기준수량=0.01
2026-05-01 18:03:19,310 - 📉 [BTCUSDT] 본전 50% 덜어내기 배치
2026-05-01 18:03:19,310 - 📉 [BTCUSDT] 본전 50% 덜어내기 배치
2026-05-01 20:25:26,628 - 📉 [BTCUSDT] 본전 50% 덜어내기 배치
2026-05-01 20:25:26,628 - 📉 [BTCUSDT] 본전 50% 덜어내기 배치
2026-05-01 21:06:56,416 - 📉 [BTCUSDT] 본전 50% 덜어내기 배치
2026-05-01 21:06:56,416 - 📉 [BTCUSDT] 본전 50% 덜어내기 배치
2026-05-02 03:13:51,811 - 📉 [XAUUSDT] 본전 50% 덜어내기 배치
2026-05-02 03:13:51,811 - 📉 [XAUUSDT] 본전 50% 덜어내기 배치
2026-05-02 05:40:39,792 - 📉 [BTCUSDT] 본전 50% 덜어내기 배치
2026-05-02 05:40:39,792 - 📉 [BTCUSDT] 본전 50% 덜어내기 배치
2026-05-02 09:43:06,334 - 🔒 PID 파일 생성: bybit7_user2.pid (PID: 396720)
2026-05-02 09:43:06,335 - Step 3: 바이비트 데모 접속 완료
2026-05-02 09:43:06,494 - Step 4: 잔액: 180639.16 USDT
2026-05-02 09:43:06,494 - 🧹 봇 시작: 모든 종목 잔존 오더 전체 정리 중...
2026-05-02 09:43:07,301 -   [BTCUSDT] 오더 정리 완료
2026-05-02 09:43:08,104 -   [XAUUSDT] 오더 정리 완료
2026-05-02 09:43:09,104 - ✅ 오더 정리 완료 — 메인 루프 시작
2026-05-02 09:49:39,643 - 🔒 PID 파일 생성: bybit7.pid (PID: 397152)
2026-05-02 09:49:39,643 - Step 3: 바이비트 데모 접속 완료
2026-05-02 09:49:39,763 - Step 4: 잔액: 180639.16 USDT
2026-05-02 09:49:39,764 - 🧹 봇 시작: 모든 종목 잔존 오더 전체 정리 중...
2026-05-02 09:49:40,570 -   [BTCUSDT] 오더 정리 완료
2026-05-02 09:49:41,375 -   [XAUUSDT] 오더 정리 완료
2026-05-02 09:49:42,375 - ✅ 오더 정리 완료 — 메인 루프 시작
2026-05-02 09:50:23,916 - 🚫 이미 실행 중인 봇이 있습니다 (PID: 397152). 중복 실행 차단 — 종료합니다.
   강제 종료하려면: kill 397152
2026-05-02 09:52:06,133 - 🔒 PID 파일 생성: bybit7.pid (PID: 397315)
2026-05-02 09:52:06,133 - Step 3: 바이비트 데모 접속 완료
2026-05-02 09:52:06,264 - Step 4: 잔액: 180639.16 USDT
2026-05-02 09:52:06,264 - 🧹 봇 시작: 모든 종목 잔존 오더 전체 정리 중...
2026-05-02 09:52:07,069 -   [BTCUSDT] 오더 정리 완료
2026-05-02 09:52:07,872 -   [XAUUSDT] 오더 정리 완료
2026-05-02 09:52:08,872 - ✅ 오더 정리 완료 — 메인 루프 시작
2026-05-02 09:54:46,356 - 🔒 PID 파일 생성: bybit7.pid (PID: 397526)
2026-05-02 09:54:46,356 - Step 3: 바이비트 데모 접속 완료
2026-05-02 09:54:46,483 - Step 4: 잔액: 180639.16 USDT
2026-05-02 09:54:46,483 - 🧹 봇 시작: 모든 종목 잔존 오더 전체 정리 중...
2026-05-02 09:54:47,290 -   [BTCUSDT] 오더 정리 완료
2026-05-02 09:54:48,228 -   [XAUUSDT] 오더 정리 완료
2026-05-02 09:54:49,229 - ✅ 오더 정리 완료 — 메인 루프 시작
nohup: ignoring input
Step 1: 프로그램 로딩 시작...
Step 2: 라이브러리 로드 완료
Step 3: 접속 완료
Step 4: 잔액: 180610.48 USDT
2026-05-02 09:58:36,422 - 🚀 [BTCUSDT] Sell 전략 시작 (기준가=78190.94)
2026-05-02 09:58:36,422 - 🚀 [BTCUSDT] Sell 전략 시작 (기준가=78190.94)
2026-05-02 09:58:42,265 - 🚀 [XAUUSDT] Sell 전략 시작 (기준가=4613.78)
2026-05-02 09:58:42,265 - 🚀 [XAUUSDT] Sell 전략 시작 (기준가=4613.78)
